# System Utilities =============================================================
cinnamon
fluxgui
gksu
gnome-tweak-tool
network-manager-openvpn-gnome
notifyosdconfig
numix-gtk-theme
numix-icon-theme-circle
numix-wallpaper-notd
ppa-purge
ubuntu-restricted-extras
unity-tweak-tool

# Command Line Utilities =======================================================
htop
realpath
screen
w3m

# Services =====================================================================
openssh-server

# Development Tools ============================================================
atom
brackets
build-essential
codeblocks
filezilla
git
git-svn
meld
monodevelop
monodoc-manual
openjdk-7-jdk
openjdk-7-jre
sublime-text
subversion
vagrant
vim
virtualbox-4.3
zeal

# Graphics =====================================================================
gimp
inkscape

# Media ========================================================================
audacious
audacity
vlc

# Utilities ====================================================================
conduit
keepassx
p7zip-full
remmina
